<?xml version="1.0" encoding="UTF-8"?>
<!-- Generated by org.testng.reporters.JUnitReportReporter -->
<testsuite hostname="user-PC" failures="0" tests="1" name="com.basic.Add" time="0.048" errors="0" timestamp="2020-09-30T10:26:10 PDT" skipped="0">
  <testcase classname="com.basic.Add" name="sum" time="0.048"/>
  <system-out/>
</testsuite> <!-- com.basic.Add -->
