<?xml version="1.0" encoding="UTF-8"?>
<!-- Generated by org.testng.reporters.JUnitReportReporter -->
<testsuite hostname="user-PC" name="NewMaven.NewMaven.Basicprogram" tests="1" failures="0" timestamp="25 Sep 2020 04:43:29 GMT" time="0.087" errors="0">
  <testcase name="sum" time="0.087" classname="NewMaven.NewMaven.Basicprogram"/>
</testsuite> <!-- NewMaven.NewMaven.Basicprogram -->
