<?xml version="1.0" encoding="UTF-8"?>
<!-- Generated by org.testng.reporters.JUnitReportReporter -->
<testsuite hostname="user-PC" failures="0" tests="1" name="NewMaven.NewMaven.Usingfb" time="96.339" errors="0" timestamp="25 Sep 2020 10:08:20 GMT">
  <testcase classname="NewMaven.NewMaven.Usingfb" name="Enterdetails" time="96.339"/>
</testsuite> <!-- NewMaven.NewMaven.Usingfb -->
