<?xml version="1.0" encoding="UTF-8"?>
<!-- Generated by org.testng.reporters.JUnitReportReporter -->
<testsuite hostname="user-PC" failures="0" tests="2" name="NewMaven.NewMaven.Search" time="0.045" errors="0" timestamp="2020-09-30T10:08:04 PDT" skipped="0">
  <testcase classname="NewMaven.NewMaven.Search" name="sum" time="0.004"/>
  <system-out/>
  <testcase classname="NewMaven.NewMaven.Search" name="add" time="0.041"/>
  <system-out/>
</testsuite> <!-- NewMaven.NewMaven.Search -->
