<?xml version="1.0" encoding="UTF-8"?>
<!-- Generated by org.testng.reporters.JUnitReportReporter -->
<testsuite hostname="user-PC" failures="0" tests="1" name="NewMaven.NewMaven.Usingfb" time="61.022" errors="0" timestamp="25 Sep 2020 05:43:36 GMT">
  <testcase classname="NewMaven.NewMaven.Usingfb" name="Enterdetails" time="61.022"/>
</testsuite> <!-- NewMaven.NewMaven.Usingfb -->
